# JRE version: OpenJDK Runtime Environment (21.0.6) (build 21.0.6+-13368085-b895.109)
# Java VM: OpenJDK 64-Bit Server VM (21.0.6+-13368085-b895.109, mixed mode, tiered, compressed oops, compressed class ptrs, g1 gc, windows-amd64)
GC Precious Log:
 CardTable entry size: 512
 Card Set container configuration: InlinePtr #cards 5 size 8 Array Of Cards #cards 12 size 40 Howl #buckets 4 coarsen threshold 1843 Howl Bitmap #cards 512 size 80 coarsen threshold 460 Card regions per heap region 1 cards per card region 2048
 CPUs: 3 total, 3 available
 Memory: 8047M
 Large Page Support: Disabled
 NUMA Support: Disabled
 Compressed Oops: Enabled (32-bit)
 Heap Region Size: 1M
 Heap Min Capacity: 8M
 Heap Initial Capacity: 126M
 Heap Max Capacity: 2G
 Pre-touch: Disabled
 Parallel Workers: 3
 Concurrent Workers: 1
 Concurrent Refinement Workers: 3
 Periodic GC: Disabled
Heap:
 garbage-first heap   total 186368K, used 169805K [0x0000000080000000, 0x0000000100000000)
  region size 1024K, 55 young (56320K), 5 survivors (5120K)
 Metaspace       used 82648K, committed 84736K, reserved 1179648K
  class space    used 11002K, committed 12032K, reserved 1048576K
GC Heap History (20 events):
Event: 115.819 GC heap before
{Heap before GC invocations=26 (full 0):
 garbage-first heap   total 130048K, used 89296K [0x0000000080000000, 0x0000000100000000)
  region size 1024K, 16 young (16384K), 3 survivors (3072K)
 Metaspace       used 62157K, committed 63936K, reserved 1114112K
  class space    used 8303K, committed 9152K, reserved 1048576K
}
Event: 115.828 GC heap after
{Heap after GC invocations=27 (full 0):
 garbage-first heap   total 130048K, used 78035K [0x0000000080000000, 0x0000000100000000)
  region size 1024K, 1 young (1024K), 1 survivors (1024K)
 Metaspace       used 62157K, committed 63936K, reserved 1114112K
  class space    used 8303K, committed 9152K, reserved 1048576K
}
Event: 129.917 GC heap before
{Heap before GC invocations=27 (full 0):
 garbage-first heap   total 130048K, used 116947K [0x0000000080000000, 0x0000000100000000)
  region size 1024K, 39 young (39936K), 1 survivors (1024K)
 Metaspace       used 66400K, committed 68160K, reserved 1114112K
  class space    used 8992K, committed 9856K, reserved 1048576K
}
Event: 129.925 GC heap after
{Heap after GC invocations=28 (full 0):
 garbage-first heap   total 130048K, used 79562K [0x0000000080000000, 0x0000000100000000)
  region size 1024K, 4 young (4096K), 4 survivors (4096K)
 Metaspace       used 66400K, committed 68160K, reserved 1114112K
  class space    used 8992K, committed 9856K, reserved 1048576K
}
Event: 147.535 GC heap before
{Heap before GC invocations=28 (full 0):
 garbage-first heap   total 130048K, used 117450K [0x0000000080000000, 0x0000000100000000)
  region size 1024K, 41 young (41984K), 4 survivors (4096K)
 Metaspace       used 68591K, committed 70400K, reserved 1114112K
  class space    used 9233K, committed 10112K, reserved 1048576K
}
Event: 147.552 GC heap after
{Heap after GC invocations=29 (full 0):
 garbage-first heap   total 130048K, used 84992K [0x0000000080000000, 0x0000000100000000)
  region size 1024K, 6 young (6144K), 6 survivors (6144K)
 Metaspace       used 68591K, committed 70400K, reserved 1114112K
  class space    used 9233K, committed 10112K, reserved 1048576K
}
Event: 150.717 GC heap before
{Heap before GC invocations=30 (full 0):
 garbage-first heap   total 142336K, used 114688K [0x0000000080000000, 0x0000000100000000)
  region size 1024K, 36 young (36864K), 6 survivors (6144K)
 Metaspace       used 68793K, committed 70592K, reserved 1114112K
  class space    used 9234K, committed 10112K, reserved 1048576K
}
Event: 150.733 GC heap after
{Heap after GC invocations=31 (full 0):
 garbage-first heap   total 142336K, used 89023K [0x0000000080000000, 0x0000000100000000)
  region size 1024K, 4 young (4096K), 4 survivors (4096K)
 Metaspace       used 68793K, committed 70592K, reserved 1114112K
  class space    used 9234K, committed 10112K, reserved 1048576K
}
Event: 156.285 GC heap before
{Heap before GC invocations=31 (full 0):
 garbage-first heap   total 142336K, used 127935K [0x0000000080000000, 0x0000000100000000)
  region size 1024K, 42 young (43008K), 4 survivors (4096K)
 Metaspace       used 68965K, committed 70784K, reserved 1114112K
  class space    used 9234K, committed 10112K, reserved 1048576K
}
Event: 156.296 GC heap after
{Heap after GC invocations=32 (full 0):
 garbage-first heap   total 142336K, used 88964K [0x0000000080000000, 0x0000000100000000)
  region size 1024K, 4 young (4096K), 4 survivors (4096K)
 Metaspace       used 68965K, committed 70784K, reserved 1114112K
  class space    used 9234K, committed 10112K, reserved 1048576K
}
Event: 161.435 GC heap before
{Heap before GC invocations=32 (full 0):
 garbage-first heap   total 142336K, used 129924K [0x0000000080000000, 0x0000000100000000)
  region size 1024K, 44 young (45056K), 4 survivors (4096K)
 Metaspace       used 68981K, committed 70784K, reserved 1114112K
  class space    used 9235K, committed 10112K, reserved 1048576K
}
Event: 161.455 GC heap after
{Heap after GC invocations=33 (full 0):
 garbage-first heap   total 142336K, used 90222K [0x0000000080000000, 0x0000000100000000)
  region size 1024K, 4 young (4096K), 4 survivors (4096K)
 Metaspace       used 68981K, committed 70784K, reserved 1114112K
  class space    used 9235K, committed 10112K, reserved 1048576K
}
Event: 164.782 GC heap before
{Heap before GC invocations=34 (full 0):
 garbage-first heap   total 150528K, used 127086K [0x0000000080000000, 0x0000000100000000)
  region size 1024K, 42 young (43008K), 4 survivors (4096K)
 Metaspace       used 68988K, committed 70784K, reserved 1114112K
  class space    used 9236K, committed 10112K, reserved 1048576K
}
Event: 164.791 GC heap after
{Heap after GC invocations=35 (full 0):
 garbage-first heap   total 150528K, used 90240K [0x0000000080000000, 0x0000000100000000)
  region size 1024K, 4 young (4096K), 4 survivors (4096K)
 Metaspace       used 68988K, committed 70784K, reserved 1114112K
  class space    used 9236K, committed 10112K, reserved 1048576K
}
Event: 180.912 GC heap before
{Heap before GC invocations=35 (full 0):
 garbage-first heap   total 150528K, used 148608K [0x0000000080000000, 0x0000000100000000)
  region size 1024K, 47 young (48128K), 4 survivors (4096K)
 Metaspace       used 71241K, committed 73216K, reserved 1114112K
  class space    used 9527K, committed 10496K, reserved 1048576K
}
Event: 180.926 GC heap after
{Heap after GC invocations=36 (full 0):
 garbage-first heap   total 161792K, used 109947K [0x0000000080000000, 0x0000000100000000)
  region size 1024K, 7 young (7168K), 7 survivors (7168K)
 Metaspace       used 71241K, committed 73216K, reserved 1114112K
  class space    used 9527K, committed 10496K, reserved 1048576K
}
Event: 189.860 GC heap before
{Heap before GC invocations=36 (full 0):
 garbage-first heap   total 161792K, used 143739K [0x0000000080000000, 0x0000000100000000)
  region size 1024K, 41 young (41984K), 7 survivors (7168K)
 Metaspace       used 75210K, committed 77056K, reserved 1179648K
  class space    used 9968K, committed 10880K, reserved 1048576K
}
Event: 189.868 GC heap after
{Heap after GC invocations=37 (full 0):
 garbage-first heap   total 161792K, used 111437K [0x0000000080000000, 0x0000000100000000)
  region size 1024K, 1 young (1024K), 1 survivors (1024K)
 Metaspace       used 75210K, committed 77056K, reserved 1179648K
  class space    used 9968K, committed 10880K, reserved 1048576K
}
Event: 202.860 GC heap before
{Heap before GC invocations=38 (full 0):
 garbage-first heap   total 186368K, used 149325K [0x0000000080000000, 0x0000000100000000)
  region size 1024K, 37 young (37888K), 1 survivors (1024K)
 Metaspace       used 79126K, committed 81216K, reserved 1179648K
  class space    used 10540K, committed 11584K, reserved 1048576K
}
Event: 202.871 GC heap after
{Heap after GC invocations=39 (full 0):
 garbage-first heap   total 186368K, used 116557K [0x0000000080000000, 0x0000000100000000)
  region size 1024K, 5 young (5120K), 5 survivors (5120K)
 Metaspace       used 79126K, committed 81216K, reserved 1179648K
  class space    used 10540K, committed 11584K, reserved 1048576K
}

