# JRE version: OpenJDK Runtime Environment (21.0.6) (build 21.0.6+-13368085-b895.109)
# Java VM: OpenJDK 64-Bit Server VM (21.0.6+-13368085-b895.109, mixed mode, tiered, compressed oops, compressed class ptrs, g1 gc, windows-amd64)
GC Precious Log:
 CardTable entry size: 512
 Card Set container configuration: InlinePtr #cards 5 size 8 Array Of Cards #cards 12 size 40 Howl #buckets 4 coarsen threshold 1843 Howl Bitmap #cards 512 size 80 coarsen threshold 460 Card regions per heap region 1 cards per card region 2048
 CPUs: 3 total, 3 available
 Memory: 8047M
 Large Page Support: Disabled
 NUMA Support: Disabled
 Compressed Oops: Enabled (32-bit)
 Heap Region Size: 1M
 Heap Min Capacity: 8M
 Heap Initial Capacity: 126M
 Heap Max Capacity: 2G
 Pre-touch: Disabled
 Parallel Workers: 3
 Concurrent Workers: 1
 Concurrent Refinement Workers: 3
 Periodic GC: Disabled
Heap:
 garbage-first heap   total 186368K, used 163463K [0x0000000080000000, 0x0000000100000000)
  region size 1024K, 49 young (50176K), 5 survivors (5120K)
 Metaspace       used 82560K, committed 84480K, reserved 1179648K
  class space    used 10998K, committed 11968K, reserved 1048576K
GC Heap History (20 events):
Event: 119.758 GC heap before
{Heap before GC invocations=26 (full 0):
 garbage-first heap   total 130048K, used 89785K [0x0000000080000000, 0x0000000100000000)
  region size 1024K, 16 young (16384K), 2 survivors (2048K)
 Metaspace       used 64189K, committed 65920K, reserved 1114112K
  class space    used 8616K, committed 9472K, reserved 1048576K
}
Event: 119.763 GC heap after
{Heap after GC invocations=27 (full 0):
 garbage-first heap   total 130048K, used 76874K [0x0000000080000000, 0x0000000100000000)
  region size 1024K, 1 young (1024K), 1 survivors (1024K)
 Metaspace       used 64189K, committed 65920K, reserved 1114112K
  class space    used 8616K, committed 9472K, reserved 1048576K
}
Event: 129.634 GC heap before
{Heap before GC invocations=27 (full 0):
 garbage-first heap   total 130048K, used 113738K [0x0000000080000000, 0x0000000100000000)
  region size 1024K, 37 young (37888K), 1 survivors (1024K)
 Metaspace       used 68004K, committed 69760K, reserved 1114112K
  class space    used 9217K, committed 10112K, reserved 1048576K
}
Event: 129.647 GC heap after
{Heap after GC invocations=28 (full 0):
 garbage-first heap   total 130048K, used 79361K [0x0000000080000000, 0x0000000100000000)
  region size 1024K, 4 young (4096K), 4 survivors (4096K)
 Metaspace       used 68004K, committed 69760K, reserved 1114112K
  class space    used 9217K, committed 10112K, reserved 1048576K
}
Event: 139.920 GC heap before
{Heap before GC invocations=28 (full 0):
 garbage-first heap   total 130048K, used 114177K [0x0000000080000000, 0x0000000100000000)
  region size 1024K, 39 young (39936K), 4 survivors (4096K)
 Metaspace       used 68814K, committed 70656K, reserved 1114112K
  class space    used 9255K, committed 10176K, reserved 1048576K
}
Event: 139.937 GC heap after
{Heap after GC invocations=29 (full 0):
 garbage-first heap   total 130048K, used 84153K [0x0000000080000000, 0x0000000100000000)
  region size 1024K, 5 young (5120K), 5 survivors (5120K)
 Metaspace       used 68814K, committed 70656K, reserved 1114112K
  class space    used 9255K, committed 10176K, reserved 1048576K
}
Event: 145.510 GC heap before
{Heap before GC invocations=30 (full 0):
 garbage-first heap   total 142336K, used 114873K [0x0000000080000000, 0x0000000100000000)
  region size 1024K, 36 young (36864K), 5 survivors (5120K)
 Metaspace       used 68977K, committed 70848K, reserved 1114112K
  class space    used 9255K, committed 10176K, reserved 1048576K
}
Event: 145.526 GC heap after
{Heap after GC invocations=31 (full 0):
 garbage-first heap   total 142336K, used 85516K [0x0000000080000000, 0x0000000100000000)
  region size 1024K, 3 young (3072K), 3 survivors (3072K)
 Metaspace       used 68977K, committed 70848K, reserved 1114112K
  class space    used 9255K, committed 10176K, reserved 1048576K
}
Event: 170.149 GC heap before
{Heap before GC invocations=31 (full 0):
 garbage-first heap   total 142336K, used 125452K [0x0000000080000000, 0x0000000100000000)
  region size 1024K, 43 young (44032K), 3 survivors (3072K)
 Metaspace       used 69059K, committed 70848K, reserved 1114112K
  class space    used 9256K, committed 10176K, reserved 1048576K
}
Event: 170.160 GC heap after
{Heap after GC invocations=32 (full 0):
 garbage-first heap   total 142336K, used 86484K [0x0000000080000000, 0x0000000100000000)
  region size 1024K, 4 young (4096K), 4 survivors (4096K)
 Metaspace       used 69059K, committed 70848K, reserved 1114112K
  class space    used 9256K, committed 10176K, reserved 1048576K
}
Event: 172.582 GC heap before
{Heap before GC invocations=32 (full 0):
 garbage-first heap   total 142336K, used 126420K [0x0000000080000000, 0x0000000100000000)
  region size 1024K, 44 young (45056K), 4 survivors (4096K)
 Metaspace       used 69065K, committed 70848K, reserved 1114112K
  class space    used 9257K, committed 10176K, reserved 1048576K
}
Event: 172.591 GC heap after
{Heap after GC invocations=33 (full 0):
 garbage-first heap   total 142336K, used 87694K [0x0000000080000000, 0x0000000100000000)
  region size 1024K, 4 young (4096K), 4 survivors (4096K)
 Metaspace       used 69065K, committed 70848K, reserved 1114112K
  class space    used 9257K, committed 10176K, reserved 1048576K
}
Event: 176.962 GC heap before
{Heap before GC invocations=34 (full 0):
 garbage-first heap   total 148480K, used 131726K [0x0000000080000000, 0x0000000100000000)
  region size 1024K, 43 young (44032K), 4 survivors (4096K)
 Metaspace       used 69549K, committed 71360K, reserved 1114112K
  class space    used 9335K, committed 10240K, reserved 1048576K
}
Event: 176.971 GC heap after
{Heap after GC invocations=35 (full 0):
 garbage-first heap   total 148480K, used 94192K [0x0000000080000000, 0x0000000100000000)
  region size 1024K, 5 young (5120K), 5 survivors (5120K)
 Metaspace       used 69549K, committed 71360K, reserved 1114112K
  class space    used 9335K, committed 10240K, reserved 1048576K
}
Event: 185.232 GC heap before
{Heap before GC invocations=35 (full 0):
 garbage-first heap   total 148480K, used 143344K [0x0000000080000000, 0x0000000100000000)
  region size 1024K, 44 young (45056K), 5 survivors (5120K)
 Metaspace       used 72223K, committed 74048K, reserved 1114112K
  class space    used 9669K, committed 10560K, reserved 1048576K
}
Event: 185.245 GC heap after
{Heap after GC invocations=36 (full 0):
 garbage-first heap   total 157696K, used 108665K [0x0000000080000000, 0x0000000100000000)
  region size 1024K, 6 young (6144K), 6 survivors (6144K)
 Metaspace       used 72223K, committed 74048K, reserved 1114112K
  class space    used 9669K, committed 10560K, reserved 1048576K
}
Event: 194.449 GC heap before
{Heap before GC invocations=36 (full 0):
 garbage-first heap   total 157696K, used 140409K [0x0000000080000000, 0x0000000100000000)
  region size 1024K, 38 young (38912K), 6 survivors (6144K)
 Metaspace       used 75867K, committed 77696K, reserved 1179648K
  class space    used 10068K, committed 10944K, reserved 1048576K
}
Event: 194.460 GC heap after
{Heap after GC invocations=37 (full 0):
 garbage-first heap   total 157696K, used 110443K [0x0000000080000000, 0x0000000100000000)
  region size 1024K, 2 young (2048K), 2 survivors (2048K)
 Metaspace       used 75867K, committed 77696K, reserved 1179648K
  class space    used 10068K, committed 10944K, reserved 1048576K
}
Event: 202.237 GC heap before
{Heap before GC invocations=38 (full 0):
 garbage-first heap   total 186368K, used 147307K [0x0000000080000000, 0x0000000100000000)
  region size 1024K, 35 young (35840K), 2 survivors (2048K)
 Metaspace       used 79169K, committed 81088K, reserved 1179648K
  class space    used 10558K, committed 11520K, reserved 1048576K
}
Event: 202.247 GC heap after
{Heap after GC invocations=39 (full 0):
 garbage-first heap   total 186368K, used 119431K [0x0000000080000000, 0x0000000100000000)
  region size 1024K, 5 young (5120K), 5 survivors (5120K)
 Metaspace       used 79169K, committed 81088K, reserved 1179648K
  class space    used 10558K, committed 11520K, reserved 1048576K
}

